SF:lib\src\packageinfo.dart
DA:18,11
DA:54,2
DA:58,2
DA:59,2
DA:60,2
DA:62,6
DA:63,2
DA:64,2
DA:66,4
DA:67,2
DA:69,1
DA:71,1
DA:74,2
DA:75,2
DA:77,4
DA:78,2
DA:80,4
DA:84,2
LF:18
LH:18
end_of_record
SF:lib\src\pusbspecanalyzer.dart
DA:13,3
DA:15,6
DA:16,12
DA:17,6
DA:19,12
DA:20,3
DA:21,3
DA:22,3
DA:24,3
DA:25,3
DA:27,3
DA:28,3
DA:30,3
DA:31,3
DA:35,12
DA:36,6
DA:38,12
DA:39,6
DA:47,3
DA:56,3
DA:57,3
DA:58,3
DA:61,3
DA:63,6
DA:64,21
DA:66,24
DA:67,6
DA:68,3
DA:69,3
DA:70,9
DA:71,9
DA:72,9
DA:73,3
DA:74,3
DA:75,3
DA:80,3
DA:83,3
DA:89,3
DA:91,6
DA:97,3
DA:99,6
DA:100,12
DA:101,12
DA:102,3
DA:105,15
DA:106,3
DA:114,3
DA:115,3
DA:116,3
DA:117,9
DA:120,4
DA:126,9
DA:137,3
DA:139,9
DA:142,24
DA:143,9
DA:144,3
DA:145,6
DA:147,15
DA:150,3
DA:152,2
DA:153,2
DA:155,5
DA:159,3
DA:162,3
LF:65
LH:65
end_of_record
SF:lib\src\yamlnodehandler.dart
DA:12,3
DA:13,3
DA:14,3
DA:15,3
DA:16,0
DA:17,3
DA:18,3
DA:22,0
DA:27,3
DA:28,3
DA:33,3
DA:34,9
DA:35,6
DA:36,3
DA:37,6
DA:43,0
DA:44,0
DA:45,0
LF:18
LH:13
end_of_record
SF:lib\src\packagemanager.dart
DA:11,5
DA:19,2
DA:24,6
DA:28,1
DA:29,3
DA:30,1
DA:31,3
DA:32,1
DA:33,1
DA:34,1
DA:35,1
DA:41,3
DA:42,21
DA:43,2
DA:44,6
DA:45,12
DA:47,3
DA:51,0
DA:53,0
DA:60,4
DA:65,2
DA:66,8
DA:69,8
DA:70,6
DA:72,10
DA:73,2
DA:78,1
DA:81,1
DA:83,1
DA:93,1
DA:96,6
DA:98,7
DA:99,6
DA:104,2
DA:105,2
DA:106,2
DA:107,5
DA:108,5
DA:110,4
DA:111,3
DA:113,2
LF:41
LH:39
end_of_record
SF:lib\src\packageview.dart
DA:12,7
DA:17,2
DA:20,15
DA:23,12
DA:26,12
DA:30,15
DA:34,12
DA:45,12
DA:46,6
DA:49,4
DA:50,1
DA:56,2
DA:58,2
DA:61,1
DA:62,1
DA:63,1
DA:64,1
DA:65,2
DA:66,2
DA:67,1
DA:68,1
DA:69,1
DA:78,4
DA:80,4
DA:81,4
DA:82,4
DA:84,4
DA:85,8
DA:87,4
DA:88,20
DA:90,1
DA:91,1
DA:98,0
DA:99,0
LF:34
LH:32
end_of_record
SF:lib\view\latestversion.dart
DA:7,3
DA:11,3
DA:13,3
DA:14,6
DA:15,3
DA:16,6
DA:17,3
DA:18,3
DA:20,9
LF:9
LH:9
end_of_record
SF:lib\view\linkbutton.dart
DA:7,3
DA:11,3
DA:13,3
DA:15,3
DA:17,3
DA:19,1
DA:24,3
DA:26,3
DA:27,12
DA:28,12
DA:30,9
DA:31,3
DA:32,9
LF:13
LH:13
end_of_record
SF:lib\view\packagetable.dart
DA:11,3
DA:13,2
DA:16,2
DA:17,2
DA:18,2
DA:20,2
DA:30,8
DA:31,10
DA:32,10
DA:33,4
DA:34,10
DA:35,8
DA:36,8
DA:38,2
LF:14
LH:14
end_of_record
SF:lib\view\updatecheck.dart
DA:7,3
DA:11,3
DA:14,3
DA:15,15
DA:16,3
DA:17,3
DA:19,15
DA:21,1
DA:22,3
LF:9
LH:9
end_of_record
SF:lib\view\filtertext.dart
DA:7,3
DA:12,2
DA:13,2
DA:18,2
DA:20,4
DA:21,2
DA:24,2
DA:26,2
DA:28,2
DA:29,4
DA:31,2
DA:32,6
DA:33,6
DA:35,2
DA:37,2
DA:38,3
DA:39,3
DA:40,2
LF:18
LH:18
end_of_record
SF:lib\view\saveicon.dart
DA:7,3
DA:9,2
DA:12,6
DA:13,2
DA:14,2
LF:5
LH:5
end_of_record
SF:lib\view\mainpage.dart
DA:10,1
DA:12,1
DA:15,1
DA:16,1
DA:17,1
DA:19,1
DA:21,2
DA:24,1
DA:25,1
DA:26,2
LF:10
LH:10
end_of_record
